<?xml version="1.0" encoding="UTF-8"?>
<!-- Generated by org.testng.reporters.JUnitXMLReporter -->
<testsuite ignored="1" hostname="Mamun-Chowdhury" failures="2" tests="2" name="Group Test" time="7.512" errors="0" timestamp="2026-05-01T03:48:29 EDT">
  <testcase classname="testCases.TC001_AccountRegistationTest" name="verify_account_registation" time="0.168">
    <failure type="java.lang.AssertionError" message="null">
      <![CDATA[java.lang.AssertionError: null
at testCases.TC001_AccountRegistationTest.verify_account_registation(TC001_AccountRegistationTest.java:55)
at java.base/java.util.ArrayList.forEach(ArrayList.java:1596)
... Removed 27 stack frames]]>
    </failure>
  </testcase> <!-- verify_account_registation -->
  <testcase classname="testCases.TC002_LoginTest" name="verify_login" time="0.047">
    <failure type="java.lang.AssertionError" message="null">
      <![CDATA[java.lang.AssertionError: null
at testCases.TC002_LoginTest.verify_login(TC002_LoginTest.java:38)
at java.base/java.util.ArrayList.forEach(ArrayList.java:1596)
... Removed 27 stack frames]]>
    </failure>
  </testcase> <!-- verify_login -->
  <testcase classname="testCases.TC003_LoginDatadrivenTest" name="verify_loginDataDrivenTest" time="0.0">
    <ignored/>
  </testcase> <!-- verify_loginDataDrivenTest -->
</testsuite> <!-- Group Test -->
