<?xml version="1.0" encoding="UTF-8"?>
<!-- Generated by org.testng.reporters.JUnitXMLReporter -->
<testsuite ignored="3" hostname="Mamun-Chowdhury" failures="0" tests="0" time="0.011" errors="0" timestamp="2026-05-01T00:37:02 EDT">
  <testcase classname="testCases.TC001_AccountRegistationTest" name="verify_account_registation" time="0.0">
    <ignored/>
  </testcase> <!-- verify_account_registation -->
  <testcase classname="testCases.TC003_LoginDatadrivenTest" name="verify_loginDataDrivenTest" time="0.0">
    <ignored/>
  </testcase> <!-- verify_loginDataDrivenTest -->
  <testcase classname="testCases.TC002_LoginTest" name="verify_login" time="0.0">
    <ignored/>
  </testcase> <!-- verify_login -->
</testsuite>
