<?xml version="1.0" encoding="UTF-8"?>
<testng-results ignored="1" total="5" passed="4" failed="0" skipped="0">
  <reporter-output>
  </reporter-output>
  <suite started-at="2026-05-03T15:00:22 EDT" name="Grouping Suite" finished-at="2026-05-03T15:00:47 EDT" duration-ms="25087">
    <groups>
      <group name="Regression">
        <method signature="TC001_AccountRegistationTest.verify_account_registation()[pri:0, instance:testCases.TC001_AccountRegistationTest@63355449]" name="verify_account_registation" class="testCases.TC001_AccountRegistationTest"/>
        <method signature="TC002_LoginTest.verify_login()[pri:0, instance:testCases.TC002_LoginTest@9353778]" name="verify_login" class="testCases.TC002_LoginTest"/>
      </group> <!-- Regression -->
      <group name="sanity">
        <method signature="TC002_LoginTest.verify_login()[pri:0, instance:testCases.TC002_LoginTest@9353778]" name="verify_login" class="testCases.TC002_LoginTest"/>
      </group> <!-- sanity -->
      <group name="master">
        <method signature="TC001_AccountRegistationTest.verify_account_registation()[pri:0, instance:testCases.TC001_AccountRegistationTest@63355449]" name="verify_account_registation" class="testCases.TC001_AccountRegistationTest"/>
        <method signature="TC002_LoginTest.verify_login()[pri:0, instance:testCases.TC002_LoginTest@9353778]" name="verify_login" class="testCases.TC002_LoginTest"/>
      </group> <!-- master -->
    </groups>
    <test started-at="2026-05-03T15:00:22 EDT" name="Group Test" finished-at="2026-05-03T15:00:47 EDT" duration-ms="25087">
      <class name="testCases.TC002_LoginTest">
        <test-method is-config="true" signature="setup(java.lang.String,java.lang.String)[pri:0, instance:testCases.TC002_LoginTest@9353778]" started-at="2026-05-03T15:00:39 EDT" name="setup" finished-at="2026-05-03T15:00:43 EDT" duration-ms="3913" status="PASS">
          <params>
            <param index="0">
              <value>
                <![CDATA[Windows]]>
              </value>
            </param>
            <param index="1">
              <value>
                <![CDATA[chrome]]>
              </value>
            </param>
          </params>
          <reporter-output>
          </reporter-output>
        </test-method> <!-- setup -->
        <test-method signature="verify_login()[pri:0, instance:testCases.TC002_LoginTest@9353778]" started-at="2026-05-03T15:00:43 EDT" name="verify_login" finished-at="2026-05-03T15:00:47 EDT" duration-ms="3382" status="PASS">
          <reporter-output>
          </reporter-output>
        </test-method> <!-- verify_login -->
        <test-method is-config="true" signature="tearDown()[pri:0, instance:testCases.TC002_LoginTest@9353778]" started-at="2026-05-03T15:00:47 EDT" name="tearDown" finished-at="2026-05-03T15:00:47 EDT" duration-ms="542" status="PASS">
          <reporter-output>
          </reporter-output>
        </test-method> <!-- tearDown -->
      </class> <!-- testCases.TC002_LoginTest -->
      <class name="testCases.TC001_AccountRegistationTest">
        <test-method is-config="true" signature="setup(java.lang.String,java.lang.String)[pri:0, instance:testCases.TC001_AccountRegistationTest@63355449]" started-at="2026-05-03T15:00:22 EDT" name="setup" finished-at="2026-05-03T15:00:27 EDT" duration-ms="5185" status="PASS">
          <params>
            <param index="0">
              <value>
                <![CDATA[Windows]]>
              </value>
            </param>
            <param index="1">
              <value>
                <![CDATA[chrome]]>
              </value>
            </param>
          </params>
          <reporter-output>
          </reporter-output>
        </test-method> <!-- setup -->
        <test-method signature="verify_account_registation()[pri:0, instance:testCases.TC001_AccountRegistationTest@63355449]" started-at="2026-05-03T15:00:27 EDT" name="verify_account_registation" finished-at="2026-05-03T15:00:39 EDT" duration-ms="11545" status="PASS">
          <reporter-output>
          </reporter-output>
        </test-method> <!-- verify_account_registation -->
        <test-method is-config="true" signature="tearDown()[pri:0, instance:testCases.TC001_AccountRegistationTest@63355449]" started-at="2026-05-03T15:00:39 EDT" name="tearDown" finished-at="2026-05-03T15:00:39 EDT" duration-ms="506" status="PASS">
          <reporter-output>
          </reporter-output>
        </test-method> <!-- tearDown -->
      </class> <!-- testCases.TC001_AccountRegistationTest -->
    </test> <!-- Group Test -->
  </suite> <!-- Grouping Suite -->
  <suite started-at="2026-05-03T14:59:53 EDT" name="Master Suite" finished-at="2026-05-03T15:00:21 EDT" duration-ms="28285">
    <groups>
      <group name="Regression">
        <method signature="TC001_AccountRegistationTest.verify_account_registation()[pri:0, instance:testCases.TC001_AccountRegistationTest@2ea227af]" name="verify_account_registation" class="testCases.TC001_AccountRegistationTest"/>
        <method signature="TC002_LoginTest.verify_login()[pri:0, instance:testCases.TC002_LoginTest@3eb7fc54]" name="verify_login" class="testCases.TC002_LoginTest"/>
      </group> <!-- Regression -->
      <group name="sanity">
        <method signature="TC002_LoginTest.verify_login()[pri:0, instance:testCases.TC002_LoginTest@3eb7fc54]" name="verify_login" class="testCases.TC002_LoginTest"/>
      </group> <!-- sanity -->
      <group name="master">
        <method signature="TC001_AccountRegistationTest.verify_account_registation()[pri:0, instance:testCases.TC001_AccountRegistationTest@2ea227af]" name="verify_account_registation" class="testCases.TC001_AccountRegistationTest"/>
        <method signature="TC002_LoginTest.verify_login()[pri:0, instance:testCases.TC002_LoginTest@3eb7fc54]" name="verify_login" class="testCases.TC002_LoginTest"/>
      </group> <!-- master -->
    </groups>
    <test started-at="2026-05-03T14:59:53 EDT" name="Test" finished-at="2026-05-03T15:00:21 EDT" duration-ms="28285">
      <class name="testCases.TC002_LoginTest">
        <test-method is-config="true" signature="setup(java.lang.String,java.lang.String)[pri:0, instance:testCases.TC002_LoginTest@3eb7fc54]" started-at="2026-05-03T15:00:12 EDT" name="setup" finished-at="2026-05-03T15:00:16 EDT" duration-ms="4173" status="PASS">
          <params>
            <param index="0">
              <value>
                <![CDATA[Windows]]>
              </value>
            </param>
            <param index="1">
              <value>
                <![CDATA[chrome]]>
              </value>
            </param>
          </params>
          <reporter-output>
          </reporter-output>
        </test-method> <!-- setup -->
        <test-method signature="verify_login()[pri:0, instance:testCases.TC002_LoginTest@3eb7fc54]" started-at="2026-05-03T15:00:16 EDT" name="verify_login" finished-at="2026-05-03T15:00:20 EDT" duration-ms="4476" status="PASS">
          <reporter-output>
          </reporter-output>
        </test-method> <!-- verify_login -->
        <test-method is-config="true" signature="tearDown()[pri:0, instance:testCases.TC002_LoginTest@3eb7fc54]" started-at="2026-05-03T15:00:20 EDT" name="tearDown" finished-at="2026-05-03T15:00:21 EDT" duration-ms="482" status="PASS">
          <reporter-output>
          </reporter-output>
        </test-method> <!-- tearDown -->
      </class> <!-- testCases.TC002_LoginTest -->
      <class name="testCases.TC001_AccountRegistationTest">
        <test-method is-config="true" signature="setup(java.lang.String,java.lang.String)[pri:0, instance:testCases.TC001_AccountRegistationTest@2ea227af]" started-at="2026-05-03T14:59:53 EDT" name="setup" finished-at="2026-05-03T15:00:04 EDT" duration-ms="11120" status="PASS">
          <params>
            <param index="0">
              <value>
                <![CDATA[Windows]]>
              </value>
            </param>
            <param index="1">
              <value>
                <![CDATA[chrome]]>
              </value>
            </param>
          </params>
          <reporter-output>
          </reporter-output>
        </test-method> <!-- setup -->
        <test-method signature="verify_account_registation()[pri:0, instance:testCases.TC001_AccountRegistationTest@2ea227af]" started-at="2026-05-03T15:00:04 EDT" name="verify_account_registation" finished-at="2026-05-03T15:00:11 EDT" duration-ms="6812" status="PASS">
          <reporter-output>
          </reporter-output>
        </test-method> <!-- verify_account_registation -->
        <test-method is-config="true" signature="tearDown()[pri:0, instance:testCases.TC001_AccountRegistationTest@2ea227af]" started-at="2026-05-03T15:00:11 EDT" name="tearDown" finished-at="2026-05-03T15:00:12 EDT" duration-ms="391" status="PASS">
          <reporter-output>
          </reporter-output>
        </test-method> <!-- tearDown -->
      </class> <!-- testCases.TC001_AccountRegistationTest -->
    </test> <!-- Test -->
  </suite> <!-- Master Suite -->
</testng-results>
