<?xml version="1.0" encoding="UTF-8"?>
<testng-results ignored="0" total="1" passed="1" failed="0" skipped="0">
  <reporter-output>
  </reporter-output>
  <suite started-at="2026-05-03T17:24:34 EDT" name="Master Suite" finished-at="2026-05-03T17:24:49 EDT" duration-ms="15121">
    <groups>
      <group name="Regression">
        <method signature="TC001_AccountRegistationTest.verify_account_registation()[pri:0, instance:testCases.TC001_AccountRegistationTest@6ed3ccb2]" name="verify_account_registation" class="testCases.TC001_AccountRegistationTest"/>
      </group> <!-- Regression -->
      <group name="master">
        <method signature="TC001_AccountRegistationTest.verify_account_registation()[pri:0, instance:testCases.TC001_AccountRegistationTest@6ed3ccb2]" name="verify_account_registation" class="testCases.TC001_AccountRegistationTest"/>
      </group> <!-- master -->
    </groups>
    <test started-at="2026-05-03T17:24:34 EDT" name="Test" finished-at="2026-05-03T17:24:49 EDT" duration-ms="15121">
      <class name="testCases.TC001_AccountRegistationTest">
        <test-method is-config="true" signature="setup(java.lang.String,java.lang.String)[pri:0, instance:testCases.TC001_AccountRegistationTest@6ed3ccb2]" started-at="2026-05-03T17:24:34 EDT" name="setup" finished-at="2026-05-03T17:24:44 EDT" duration-ms="9367" status="PASS">
          <params>
            <param index="0">
              <value>
                <![CDATA[Windows]]>
              </value>
            </param>
            <param index="1">
              <value>
                <![CDATA[chrome]]>
              </value>
            </param>
          </params>
          <reporter-output>
          </reporter-output>
        </test-method> <!-- setup -->
        <test-method signature="verify_account_registation()[pri:0, instance:testCases.TC001_AccountRegistationTest@6ed3ccb2]" started-at="2026-05-03T17:24:44 EDT" name="verify_account_registation" finished-at="2026-05-03T17:24:49 EDT" duration-ms="5103" status="PASS">
          <reporter-output>
          </reporter-output>
        </test-method> <!-- verify_account_registation -->
        <test-method is-config="true" signature="tearDown()[pri:0, instance:testCases.TC001_AccountRegistationTest@6ed3ccb2]" started-at="2026-05-03T17:24:49 EDT" name="tearDown" finished-at="2026-05-03T17:24:49 EDT" duration-ms="264" status="PASS">
          <reporter-output>
          </reporter-output>
        </test-method> <!-- tearDown -->
      </class> <!-- testCases.TC001_AccountRegistationTest -->
    </test> <!-- Test -->
  </suite> <!-- Master Suite -->
</testng-results>
