<?xml version="1.0" encoding="UTF-8"?>
<testng-results ignored="0" total="2" passed="2" failed="0" skipped="0">
  <reporter-output>
  </reporter-output>
  <suite started-at="2026-05-03T15:31:47 EDT" name="Master Suite" finished-at="2026-05-03T15:33:37 EDT" duration-ms="109930">
    <groups>
      <group name="Regression">
        <method signature="TC001_AccountRegistationTest.verify_account_registation()[pri:0, instance:testCases.TC001_AccountRegistationTest@15de0b3c]" name="verify_account_registation" class="testCases.TC001_AccountRegistationTest"/>
        <method signature="TC002_LoginTest.verify_login()[pri:0, instance:testCases.TC002_LoginTest@3bf7ca37]" name="verify_login" class="testCases.TC002_LoginTest"/>
      </group> <!-- Regression -->
      <group name="sanity">
        <method signature="TC002_LoginTest.verify_login()[pri:0, instance:testCases.TC002_LoginTest@3bf7ca37]" name="verify_login" class="testCases.TC002_LoginTest"/>
      </group> <!-- sanity -->
      <group name="master">
        <method signature="TC001_AccountRegistationTest.verify_account_registation()[pri:0, instance:testCases.TC001_AccountRegistationTest@15de0b3c]" name="verify_account_registation" class="testCases.TC001_AccountRegistationTest"/>
        <method signature="TC002_LoginTest.verify_login()[pri:0, instance:testCases.TC002_LoginTest@3bf7ca37]" name="verify_login" class="testCases.TC002_LoginTest"/>
      </group> <!-- master -->
    </groups>
    <test started-at="2026-05-03T15:31:47 EDT" name="Linux-Chrome" finished-at="2026-05-03T15:33:37 EDT" duration-ms="109930">
      <class name="testCases.TC002_LoginTest">
        <test-method is-config="true" signature="setup(java.lang.String,java.lang.String)[pri:0, instance:testCases.TC002_LoginTest@3bf7ca37]" started-at="2026-05-03T15:32:21 EDT" name="setup" finished-at="2026-05-03T15:33:35 EDT" duration-ms="74102" status="PASS">
          <params>
            <param index="0">
              <value>
                <![CDATA[Linux]]>
              </value>
            </param>
            <param index="1">
              <value>
                <![CDATA[chrome]]>
              </value>
            </param>
          </params>
          <reporter-output>
          </reporter-output>
        </test-method> <!-- setup -->
        <test-method signature="verify_login()[pri:0, instance:testCases.TC002_LoginTest@3bf7ca37]" started-at="2026-05-03T15:33:35 EDT" name="verify_login" finished-at="2026-05-03T15:33:36 EDT" duration-ms="1756" status="PASS">
          <reporter-output>
          </reporter-output>
        </test-method> <!-- verify_login -->
        <test-method is-config="true" signature="tearDown()[pri:0, instance:testCases.TC002_LoginTest@3bf7ca37]" started-at="2026-05-03T15:33:36 EDT" name="tearDown" finished-at="2026-05-03T15:33:37 EDT" duration-ms="245" status="PASS">
          <reporter-output>
          </reporter-output>
        </test-method> <!-- tearDown -->
      </class> <!-- testCases.TC002_LoginTest -->
      <class name="testCases.TC001_AccountRegistationTest">
        <test-method is-config="true" signature="setup(java.lang.String,java.lang.String)[pri:0, instance:testCases.TC001_AccountRegistationTest@15de0b3c]" started-at="2026-05-03T15:31:47 EDT" name="setup" finished-at="2026-05-03T15:32:16 EDT" duration-ms="28797" status="PASS">
          <params>
            <param index="0">
              <value>
                <![CDATA[Linux]]>
              </value>
            </param>
            <param index="1">
              <value>
                <![CDATA[chrome]]>
              </value>
            </param>
          </params>
          <reporter-output>
          </reporter-output>
        </test-method> <!-- setup -->
        <test-method signature="verify_account_registation()[pri:0, instance:testCases.TC001_AccountRegistationTest@15de0b3c]" started-at="2026-05-03T15:32:16 EDT" name="verify_account_registation" finished-at="2026-05-03T15:32:20 EDT" duration-ms="4350" status="PASS">
          <reporter-output>
          </reporter-output>
        </test-method> <!-- verify_account_registation -->
        <test-method is-config="true" signature="tearDown()[pri:0, instance:testCases.TC001_AccountRegistationTest@15de0b3c]" started-at="2026-05-03T15:32:20 EDT" name="tearDown" finished-at="2026-05-03T15:32:21 EDT" duration-ms="233" status="PASS">
          <reporter-output>
          </reporter-output>
        </test-method> <!-- tearDown -->
      </class> <!-- testCases.TC001_AccountRegistationTest -->
    </test> <!-- Linux-Chrome -->
  </suite> <!-- Master Suite -->
</testng-results>
