<?xml version="1.0" encoding="UTF-8"?>
<!-- Generated by org.testng.reporters.JUnitReportReporter -->
<testsuite hostname="Mamun-Chowdhury" failures="0" tests="6" name="testCases.TC003_LoginDatadrivenTest" time="48.593" errors="0" timestamp="2026-05-02T13:52:19 EDT" skipped="0">
  <testcase classname="testCases.TC003_LoginDatadrivenTest" name="verify_loginDataDrivenTest" time="11.261"/>
  <testcase classname="testCases.TC003_LoginDatadrivenTest" name="verify_loginDataDrivenTest" time="10.896"/>
  <testcase classname="testCases.TC003_LoginDatadrivenTest" name="verify_loginDataDrivenTest" time="2.255"/>
  <testcase classname="testCases.TC003_LoginDatadrivenTest" name="verify_loginDataDrivenTest" time="2.471"/>
  <testcase classname="testCases.TC003_LoginDatadrivenTest" name="verify_loginDataDrivenTest" time="10.930"/>
  <testcase classname="testCases.TC003_LoginDatadrivenTest" name="verify_loginDataDrivenTest" time="10.780"/>
</testsuite> <!-- testCases.TC003_LoginDatadrivenTest -->
