<?xml version="1.0" encoding="UTF-8"?>
<!-- Generated by org.testng.reporters.JUnitReportReporter -->
<testsuite hostname="Mamun-Chowdhury" failures="0" tests="2" name="testCases.TC001_AccountRegistationTest" time="18.357" errors="0" timestamp="2026-05-03T15:00:48 EDT" skipped="0">
  <testcase classname="testCases.TC001_AccountRegistationTest" name="verify_account_registation" time="11.545"/>
  <testcase classname="testCases.TC001_AccountRegistationTest" name="verify_account_registation" time="6.812"/>
</testsuite> <!-- testCases.TC001_AccountRegistationTest -->
