<?xml version="1.0" encoding="UTF-8"?>
<!-- Generated by org.testng.reporters.JUnitXMLReporter -->
<testsuite ignored="1" hostname="Mamun-Chowdhury" failures="0" tests="2" name="Group Test" time="25.087" errors="0" timestamp="2026-05-03T15:00:48 EDT">
  <testcase classname="testCases.TC001_AccountRegistationTest" name="verify_account_registation" time="11.545"/>
  <testcase classname="testCases.TC002_LoginTest" name="verify_login" time="3.382"/>
  <testcase classname="testCases.TC003_LoginDatadrivenTest" name="verify_loginDataDrivenTest" time="0.0">
    <ignored/>
  </testcase> <!-- verify_loginDataDrivenTest -->
</testsuite> <!-- Group Test -->
